version https://git-lfs.github.com/spec/v1
oid sha256:fa6cb64cbc069616baf0bc0c4383474034cb3ae90ae63ea2056c0cea565b17b7
size 96
